2024-02-29 09:50:40.774 [DEBU] {741cb1a85e32b817e04d9a5ea231694d} [ 47 ms] [default] [goframe] [rows:7  ] SHOW FULL COLUMNS FROM `rotation_info`
2024-02-29 09:50:40.795 [DEBU] {741cb1a85e32b817e04d9a5ea231694d} [ 20 ms] [default] [goframe] [rows:1  ] INSERT INTO `rotation_info`(`pic_url`,`link`,`sort`,`created_at`,`updated_at`) VALUES('1','1',1,'2024-02-29 09:50:40','2024-02-29 09:50:40') 
2024-02-29 10:51:50.856 [DEBU] {cc62a92bb535b817b39ae815da93dfe5} [ 30 ms] [default] [goframe] [rows:7  ] SHOW FULL COLUMNS FROM `rotation_info`
2024-02-29 10:51:50.863 [ERRO] {cc62a92bb535b817b39ae815da93dfe5} [  5 ms] [default] [goframe] [rows:0  ] UPDATE `rotation_info` SET `deleted_at`='2024-02-29 10:51:50' WHERE (`rotation_id`=9) AND `deleted_at` IS NULL
Error: Error 1054 (42S22): Unknown column 'rotation_id' in 'where clause' 
Stack:
1.  goframe/internal/logic/rotation.(*sRotation).Delete
    D:/Users/zhushuanhao_gz/go/src/goframe/goframe/internal/logic/rotation/rotation.go:38
2.  goframe/internal/controller.(*cRotation).Delete
    D:/Users/zhushuanhao_gz/go/src/goframe/goframe/internal/controller/rotation.go:31

2024-02-29 11:25:55.265 [DEBU] {b476352a9137b817cd32f555c4ed9b2a} [ 58 ms] [default] [goframe] [rows:0  ] [txid:1] BEGIN
2024-02-29 11:25:55.278 [DEBU] {b476352a9137b817cd32f555c4ed9b2a} [ 11 ms] [default] [goframe] [rows:7  ] [txid:1] SHOW FULL COLUMNS FROM `rotation_info`
2024-02-29 11:25:55.303 [DEBU] {b476352a9137b817cd32f555c4ed9b2a} [ 24 ms] [default] [goframe] [rows:1  ] [txid:1] UPDATE `rotation_info` SET `deleted_at`='2024-02-29 11:25:55' WHERE (`id`=9) AND `deleted_at` IS NULL
2024-02-29 11:25:55.323 [DEBU] {b476352a9137b817cd32f555c4ed9b2a} [ 19 ms] [default] [goframe] [rows:0  ] [txid:1] COMMIT
2024-02-29 11:35:20.978 [DEBU] {acece9e21438b8176a375301c762364d} [ 33 ms] [default] [goframe] [rows:0  ] [txid:1] BEGIN
2024-02-29 11:35:20.997 [DEBU] {acece9e21438b8176a375301c762364d} [ 18 ms] [default] [goframe] [rows:7  ] [txid:1] SHOW FULL COLUMNS FROM `rotation_info`
2024-02-29 11:35:21.013 [DEBU] {acece9e21438b8176a375301c762364d} [ 14 ms] [default] [goframe] [rows:1  ] [txid:1] DELETE FROM `rotation_info` WHERE `id`=9
2024-02-29 11:35:21.025 [DEBU] {acece9e21438b8176a375301c762364d} [ 12 ms] [default] [goframe] [rows:0  ] [txid:1] COMMIT
2024-02-29 11:35:34.398 [DEBU] {b8a988041838b8176b37530131384c36} [  5 ms] [default] [goframe] [rows:0  ] [txid:2] BEGIN
2024-02-29 11:35:34.410 [DEBU] {b8a988041838b8176b37530131384c36} [ 11 ms] [default] [goframe] [rows:0  ] [txid:2] DELETE FROM `rotation_info` WHERE `id`=9
2024-02-29 11:35:34.419 [DEBU] {b8a988041838b8176b37530131384c36} [  9 ms] [default] [goframe] [rows:0  ] [txid:2] COMMIT
2024-02-29 14:46:10.652 [DEBU] {541278b87e42b817076ef55cd0786096} [ 32 ms] [default] [goframe] [rows:0  ] [txid:1] BEGIN
2024-02-29 14:46:10.682 [DEBU] {541278b87e42b817076ef55cd0786096} [  7 ms] [default] [goframe] [rows:23 ] [txid:1] SHOW TABLES
2024-02-29 14:46:10.725 [DEBU] {541278b87e42b817076ef55cd0786096} [ 43 ms] [default] [goframe] [rows:7  ] [txid:1] SHOW FULL COLUMNS FROM `rotation_info`
2024-02-29 14:46:10.750 [DEBU] {541278b87e42b817076ef55cd0786096} [ 15 ms] [default] [goframe] [rows:0  ] [txid:1] UPDATE `rotation_info` SET `pic_url`='2',`link`='2',`sort`=2,`updated_at`='2024-02-29 14:46:10' WHERE (`id`=0) AND `deleted_at` IS NULL
2024-02-29 14:46:10.763 [DEBU] {541278b87e42b817076ef55cd0786096} [ 13 ms] [default] [goframe] [rows:0  ] [txid:1] COMMIT
2024-02-29 14:47:04.287 [DEBU] {6cce06358b42b817086ef55c74cdd238} [ 42 ms] [default] [goframe] [rows:0  ] [txid:2] BEGIN
2024-02-29 14:47:04.304 [DEBU] {6cce06358b42b817086ef55c74cdd238} [ 16 ms] [default] [goframe] [rows:0  ] [txid:2] UPDATE `rotation_info` SET `pic_url`='2',`link`='2',`sort`=2,`updated_at`='2024-02-29 14:47:04' WHERE (`id`=0) AND `deleted_at` IS NULL
2024-02-29 14:47:04.319 [DEBU] {6cce06358b42b817086ef55c74cdd238} [ 14 ms] [default] [goframe] [rows:0  ] [txid:2] COMMIT
2024-02-29 14:49:09.107 [DEBU] {e8972b44a842b817096ef55c32ac1c61} [ 55 ms] [default] [goframe] [rows:0  ] [txid:3] BEGIN
2024-02-29 14:49:09.153 [DEBU] {e8972b44a842b817096ef55c32ac1c61} [ 22 ms] [default] [goframe] [rows:0  ] [txid:3] UPDATE `rotation_info` SET `pic_url`='2',`link`='2',`sort`=2,`updated_at`='2024-02-29 14:49:09' WHERE (`id`=0) AND `deleted_at` IS NULL
2024-02-29 14:49:09.175 [DEBU] {e8972b44a842b817096ef55c32ac1c61} [ 12 ms] [default] [goframe] [rows:0  ] [txid:3] COMMIT
2024-02-29 14:49:25.215 [DEBU] {7028d104ac42b8179af0cf1f3d5c1c58} [ 44 ms] [default] [goframe] [rows:0  ] [txid:1] BEGIN
2024-02-29 14:49:25.224 [DEBU] {7028d104ac42b8179af0cf1f3d5c1c58} [  8 ms] [default] [goframe] [rows:23 ] [txid:1] SHOW TABLES
2024-02-29 14:49:25.240 [DEBU] {7028d104ac42b8179af0cf1f3d5c1c58} [ 14 ms] [default] [goframe] [rows:7  ] [txid:1] SHOW FULL COLUMNS FROM `rotation_info`
2024-02-29 14:49:25.254 [DEBU] {7028d104ac42b8179af0cf1f3d5c1c58} [ 14 ms] [default] [goframe] [rows:1  ] [txid:1] UPDATE `rotation_info` SET `pic_url`='2',`link`='2',`sort`=2,`updated_at`='2024-02-29 14:49:25' WHERE (`id`=8) AND `deleted_at` IS NULL
2024-02-29 14:49:25.268 [DEBU] {7028d104ac42b8179af0cf1f3d5c1c58} [ 14 ms] [default] [goframe] [rows:0  ] [txid:1] COMMIT
2024-02-29 16:21:05.307 [DEBU] {9c4b20b8aa47b8179bf0cf1f591590fb} [885 ms] [default] [goframe] [rows:0  ] [txid:2] BEGIN
2024-02-29 16:21:07.227 [DEBU] {9c4b20b8aa47b8179bf0cf1f591590fb} [283 ms] [default] [goframe] [rows:1  ] [txid:2] UPDATE `rotation_info` SET `pic_url`='2',`link`='2',`sort`=2,`updated_at`='2024-02-29 16:21:06' WHERE (`id`=8) AND `deleted_at` IS NULL
2024-02-29 16:21:07.240 [DEBU] {9c4b20b8aa47b8179bf0cf1f591590fb} [ 13 ms] [default] [goframe] [rows:0  ] [txid:2] COMMIT
2024-02-29 16:22:56.320 [DEBU] {c0f6d774c647b817f07d223af81147fc} [ 42 ms] [default] [goframe] [rows:0  ] [txid:1] BEGIN
2024-02-29 16:22:56.331 [DEBU] {c0f6d774c647b817f07d223af81147fc} [ 10 ms] [default] [goframe] [rows:23 ] [txid:1] SHOW TABLES
2024-02-29 16:22:56.341 [DEBU] {c0f6d774c647b817f07d223af81147fc} [ 10 ms] [default] [goframe] [rows:7  ] [txid:1] SHOW FULL COLUMNS FROM `rotation_info`
2024-02-29 16:22:56.360 [DEBU] {c0f6d774c647b817f07d223af81147fc} [ 18 ms] [default] [goframe] [rows:1  ] [txid:1] UPDATE `rotation_info` SET `pic_url`='2',`link`='2',`sort`=0,`updated_at`='2024-02-29 16:22:56' WHERE (`id`=8) AND `deleted_at` IS NULL
2024-02-29 16:22:56.376 [DEBU] {c0f6d774c647b817f07d223af81147fc} [ 16 ms] [default] [goframe] [rows:0  ] [txid:1] COMMIT
2024-02-29 16:24:10.912 [DEBU] {2c4355d3d747b817841e1a73477c0d9d} [ 34 ms] [default] [goframe] [rows:0  ] [txid:1] BEGIN
2024-02-29 16:24:10.920 [DEBU] {2c4355d3d747b817841e1a73477c0d9d} [  7 ms] [default] [goframe] [rows:23 ] [txid:1] SHOW TABLES
2024-02-29 16:24:10.928 [DEBU] {2c4355d3d747b817841e1a73477c0d9d} [  8 ms] [default] [goframe] [rows:7  ] [txid:1] SHOW FULL COLUMNS FROM `rotation_info`
2024-02-29 16:24:10.943 [DEBU] {2c4355d3d747b817841e1a73477c0d9d} [ 14 ms] [default] [goframe] [rows:1  ] [txid:1] UPDATE `rotation_info` SET `pic_url`='2',`link`='2',`sort`=0,`updated_at`='2024-02-29 16:24:10' WHERE (`id`=8) AND `deleted_at` IS NULL
2024-02-29 16:24:10.954 [DEBU] {2c4355d3d747b817841e1a73477c0d9d} [ 11 ms] [default] [goframe] [rows:0  ] [txid:1] COMMIT
2024-02-29 16:24:27.183 [DEBU] {30e7e29edb47b817851e1a735d9bee87} [  7 ms] [default] [goframe] [rows:0  ] [txid:2] BEGIN
2024-02-29 16:24:27.196 [DEBU] {30e7e29edb47b817851e1a735d9bee87} [ 13 ms] [default] [goframe] [rows:1  ] [txid:2] UPDATE `rotation_info` SET `pic_url`='2',`link`='2',`sort`=0,`updated_at`='2024-02-29 16:24:27' WHERE (`id`=1) AND `deleted_at` IS NULL
2024-02-29 16:24:27.208 [DEBU] {30e7e29edb47b817851e1a735d9bee87} [ 12 ms] [default] [goframe] [rows:0  ] [txid:2] COMMIT
2024-02-29 16:25:07.838 [DEBU] {1ce5e714e547b817c008b11d3217db51} [ 25 ms] [default] [goframe] [rows:0  ] [txid:1] BEGIN
2024-02-29 16:25:07.845 [DEBU] {1ce5e714e547b817c008b11d3217db51} [  5 ms] [default] [goframe] [rows:23 ] [txid:1] SHOW TABLES
2024-02-29 16:25:07.851 [DEBU] {1ce5e714e547b817c008b11d3217db51} [  5 ms] [default] [goframe] [rows:7  ] [txid:1] SHOW FULL COLUMNS FROM `rotation_info`
2024-02-29 16:25:07.863 [DEBU] {1ce5e714e547b817c008b11d3217db51} [ 11 ms] [default] [goframe] [rows:1  ] [txid:1] UPDATE `rotation_info` SET `pic_url`='2',`link`='2',`sort`=0,`updated_at`='2024-02-29 16:25:07' WHERE (`id`=1) AND `deleted_at` IS NULL
2024-02-29 16:25:07.879 [DEBU] {1ce5e714e547b817c008b11d3217db51} [ 16 ms] [default] [goframe] [rows:0  ] [txid:1] COMMIT
2024-02-29 16:25:32.829 [DEBU] {c4b97fe6ea47b817c8acd05291d98666} [ 26 ms] [default] [goframe] [rows:0  ] [txid:1] BEGIN
2024-02-29 16:25:32.838 [DEBU] {c4b97fe6ea47b817c8acd05291d98666} [  8 ms] [default] [goframe] [rows:23 ] [txid:1] SHOW TABLES
2024-02-29 16:25:32.846 [DEBU] {c4b97fe6ea47b817c8acd05291d98666} [  7 ms] [default] [goframe] [rows:7  ] [txid:1] SHOW FULL COLUMNS FROM `rotation_info`
2024-02-29 16:25:32.858 [DEBU] {c4b97fe6ea47b817c8acd05291d98666} [ 12 ms] [default] [goframe] [rows:1  ] [txid:1] UPDATE `rotation_info` SET `pic_url`='2',`link`='2',`sort`=0,`updated_at`='2024-02-29 16:25:32' WHERE (`id`=1) AND `deleted_at` IS NULL
2024-02-29 16:25:32.871 [DEBU] {c4b97fe6ea47b817c8acd05291d98666} [ 13 ms] [default] [goframe] [rows:0  ] [txid:1] COMMIT
2024-02-29 22:09:51.283 [DEBU] {f87ad0cdb45ab817759c620e1bb65404} [ 99 ms] [default] [goframe] [rows:23 ] SHOW TABLES
2024-02-29 22:09:51.319 [DEBU] {f87ad0cdb45ab817759c620e1bb65404} [ 12 ms] [default] [goframe] [rows:7  ] SHOW FULL COLUMNS FROM `rotation_info`
2024-02-29 22:09:51.331 [DEBU] {f87ad0cdb45ab817759c620e1bb65404} [ 11 ms] [default] [goframe] [rows:2  ] SELECT `id`,`pic_url`,`link`,`sort`,`created_at`,`updated_at`,`deleted_at` FROM `rotation_info` WHERE `deleted_at` IS NULL ORDER BY `sort` DESC
2024-02-29 22:09:51.361 [DEBU] {f87ad0cdb45ab817759c620e1bb65404} [ 30 ms] [default] [goframe] [rows:1  ] SELECT COUNT(1) FROM `rotation_info` WHERE `deleted_at` IS NULL
2024-02-29 22:18:32.795 [DEBU] {98aecb342e5bb817b053ab247c2488de} [192 ms] [default] [goframe] [rows:23 ] SHOW TABLES
2024-02-29 22:18:32.808 [DEBU] {98aecb342e5bb817b053ab247c2488de} [ 12 ms] [default] [goframe] [rows:7  ] SHOW FULL COLUMNS FROM `rotation_info`
2024-02-29 22:18:32.821 [DEBU] {98aecb342e5bb817b053ab247c2488de} [ 11 ms] [default] [goframe] [rows:2  ] SELECT `id`,`pic_url`,`link`,`sort`,`created_at`,`updated_at`,`deleted_at` FROM `rotation_info` WHERE `deleted_at` IS NULL ORDER BY `sort` DESC
2024-02-29 22:18:32.845 [DEBU] {98aecb342e5bb817b053ab247c2488de} [ 23 ms] [default] [goframe] [rows:1  ] SELECT COUNT(1) FROM `rotation_info` WHERE `deleted_at` IS NULL
2024-02-29 22:18:32.857 [DEBU] {98aecb342e5bb817b053ab247c2488de} [ 11 ms] [default] [goframe] [rows:2  ] SELECT `id`,`pic_url`,`link`,`sort`,`created_at`,`updated_at` FROM `rotation_info` WHERE `deleted_at` IS NULL ORDER BY `sort` DESC
2024-02-29 22:22:00.481 [DEBU] {5065e4955e5bb8173d26f21c4686f21e} [ 91 ms] [default] [goframe] [rows:7  ] SHOW FULL COLUMNS FROM `rotation_info`
2024-02-29 22:22:00.494 [DEBU] {5065e4955e5bb8173d26f21c4686f21e} [ 11 ms] [default] [goframe] [rows:1  ] SELECT COUNT(1) FROM `rotation_info` WHERE `deleted_at` IS NULL
2024-02-29 22:22:00.505 [DEBU] {5065e4955e5bb8173d26f21c4686f21e} [ 10 ms] [default] [goframe] [rows:23 ] SHOW TABLES
2024-02-29 22:22:00.515 [DEBU] {5065e4955e5bb8173d26f21c4686f21e} [ 10 ms] [default] [goframe] [rows:2  ] SELECT `id`,`pic_url`,`link`,`sort`,`created_at`,`updated_at` FROM `rotation_info` WHERE `deleted_at` IS NULL
2024-02-29 22:22:04.206 [DEBU] {007861785f5bb8173e26f21cb77620ac} [ 19 ms] [default] [goframe] [rows:1  ] SELECT COUNT(1) FROM `rotation_info` WHERE `deleted_at` IS NULL
2024-02-29 22:22:04.218 [DEBU] {007861785f5bb8173e26f21cb77620ac} [ 11 ms] [default] [goframe] [rows:2  ] SELECT `id`,`pic_url`,`link`,`sort`,`created_at`,`updated_at` FROM `rotation_info` WHERE `deleted_at` IS NULL
2024-02-29 22:23:32.848 [DEBU] {84055919745bb8173f26f21c079a54f7} [ 62 ms] [default] [goframe] [rows:1  ] SELECT COUNT(1) FROM `rotation_info` WHERE `deleted_at` IS NULL
2024-02-29 22:23:32.857 [DEBU] {84055919745bb8173f26f21c079a54f7} [  7 ms] [default] [goframe] [rows:2  ] SELECT `id`,`pic_url`,`link`,`sort`,`created_at`,`updated_at` FROM `rotation_info` WHERE `deleted_at` IS NULL
2024-02-29 22:24:42.664 [DEBU] {0c5ac358845bb817f13b2017b981bb90} [ 91 ms] [default] [goframe] [rows:7  ] SHOW FULL COLUMNS FROM `rotation_info`
2024-02-29 22:24:42.683 [DEBU] {0c5ac358845bb817f13b2017b981bb90} [ 18 ms] [default] [goframe] [rows:1  ] SELECT COUNT(1) FROM `rotation_info` WHERE `deleted_at` IS NULL
2024-02-29 22:24:42.696 [DEBU] {0c5ac358845bb817f13b2017b981bb90} [ 11 ms] [default] [goframe] [rows:23 ] SHOW TABLES
2024-02-29 22:24:42.710 [DEBU] {0c5ac358845bb817f13b2017b981bb90} [ 13 ms] [default] [goframe] [rows:2  ] SELECT `id`,`pic_url`,`link`,`sort`,`created_at`,`updated_at` FROM `rotation_info` WHERE `deleted_at` IS NULL
2024-02-29 22:27:02.390 [DEBU] {d474b4dca45bb817779ee13d1850556b} [164 ms] [default] [goframe] [rows:7  ] SHOW FULL COLUMNS FROM `rotation_info`
2024-02-29 22:27:02.408 [DEBU] {d474b4dca45bb817779ee13d1850556b} [ 17 ms] [default] [goframe] [rows:1  ] SELECT COUNT(1) FROM `rotation_info` WHERE `deleted_at` IS NULL
2024-02-29 22:27:02.420 [DEBU] {d474b4dca45bb817779ee13d1850556b} [ 11 ms] [default] [goframe] [rows:23 ] SHOW TABLES
2024-02-29 22:27:02.433 [DEBU] {d474b4dca45bb817779ee13d1850556b} [ 12 ms] [default] [goframe] [rows:2  ] SELECT `id`,`pic_url`,`link`,`sort`,`created_at`,`updated_at` FROM `rotation_info` WHERE `deleted_at` IS NULL LIMIT 0,10
2024-02-29 22:27:05.260 [DEBU] {bcce518ea55bb817789ee13dd19f1727} [ 57 ms] [default] [goframe] [rows:1  ] SELECT COUNT(1) FROM `rotation_info` WHERE `deleted_at` IS NULL
2024-02-29 22:27:05.273 [DEBU] {bcce518ea55bb817789ee13dd19f1727} [ 12 ms] [default] [goframe] [rows:2  ] SELECT `id`,`pic_url`,`link`,`sort`,`created_at`,`updated_at` FROM `rotation_info` WHERE `deleted_at` IS NULL LIMIT 0,10
2024-02-29 22:30:51.359 [DEBU] {34a28331da5bb8171baa0d76f4e18632} [ 76 ms] [default] [goframe] [rows:7  ] SHOW FULL COLUMNS FROM `rotation_info`
2024-02-29 22:30:51.387 [DEBU] {34a28331da5bb8171baa0d76f4e18632} [ 27 ms] [default] [goframe] [rows:1  ] SELECT COUNT(1) FROM `rotation_info` WHERE `deleted_at` IS NULL
2024-02-29 22:30:51.398 [DEBU] {34a28331da5bb8171baa0d76f4e18632} [ 10 ms] [default] [goframe] [rows:23 ] SHOW TABLES
2024-02-29 22:30:51.409 [DEBU] {34a28331da5bb8171baa0d76f4e18632} [  9 ms] [default] [goframe] [rows:2  ] SELECT `id`,`pic_url`,`link`,`sort`,`created_at`,`updated_at` FROM `rotation_info` WHERE `deleted_at` IS NULL LIMIT 0,10
2024-02-29 22:37:08.675 [DEBU] {7cbbe90c325cb8171caa0d76ad52886a} [ 53 ms] [default] [goframe] [rows:1  ] SELECT COUNT(1) FROM `rotation_info` WHERE `deleted_at` IS NULL
2024-02-29 22:37:08.685 [DEBU] {7cbbe90c325cb8171caa0d76ad52886a} [  8 ms] [default] [goframe] [rows:0  ] SELECT `id`,`pic_url`,`link`,`sort`,`created_at`,`updated_at` FROM `rotation_info` WHERE `deleted_at` IS NULL LIMIT 2,2
2024-02-29 22:37:12.575 [DEBU] {44a2f4f7325cb8171daa0d76a9e5a895} [  9 ms] [default] [goframe] [rows:1  ] SELECT COUNT(1) FROM `rotation_info` WHERE `deleted_at` IS NULL
2024-02-29 22:37:12.584 [DEBU] {44a2f4f7325cb8171daa0d76a9e5a895} [  8 ms] [default] [goframe] [rows:1  ] SELECT `id`,`pic_url`,`link`,`sort`,`created_at`,`updated_at` FROM `rotation_info` WHERE `deleted_at` IS NULL LIMIT 1,1
2024-02-29 22:39:53.353 [DEBU] {c8dc5a62585cb817d26445563f72bbc0} [ 87 ms] [default] [goframe] [rows:7  ] SHOW FULL COLUMNS FROM `rotation_info`
2024-02-29 22:39:53.372 [DEBU] {c8dc5a62585cb817d26445563f72bbc0} [ 18 ms] [default] [goframe] [rows:1  ] SELECT COUNT(1) FROM `rotation_info` WHERE `deleted_at` IS NULL
2024-02-29 22:39:53.386 [DEBU] {c8dc5a62585cb817d26445563f72bbc0} [ 13 ms] [default] [goframe] [rows:23 ] SHOW TABLES
2024-02-29 22:39:53.399 [DEBU] {c8dc5a62585cb817d26445563f72bbc0} [ 12 ms] [default] [goframe] [rows:1  ] SELECT `id`,`pic_url`,`link`,`sort`,`created_at`,`updated_at` FROM `rotation_info` WHERE `deleted_at` IS NULL LIMIT 1,1
2024-02-29 22:40:59.584 [DEBU] {945981cf675cb817af784547f7804931} [ 60 ms] [default] [goframe] [rows:7  ] SHOW FULL COLUMNS FROM `rotation_info`
2024-02-29 22:40:59.595 [DEBU] {945981cf675cb817af784547f7804931} [ 10 ms] [default] [goframe] [rows:1  ] SELECT COUNT(1) FROM `rotation_info` WHERE `deleted_at` IS NULL
2024-02-29 22:40:59.604 [DEBU] {945981cf675cb817af784547f7804931} [  8 ms] [default] [goframe] [rows:23 ] SHOW TABLES
2024-02-29 22:40:59.613 [DEBU] {945981cf675cb817af784547f7804931} [  8 ms] [default] [goframe] [rows:1  ] SELECT `id`,`pic_url`,`link`,`sort`,`created_at`,`updated_at` FROM `rotation_info` WHERE `deleted_at` IS NULL LIMIT 1,1
2024-02-29 22:42:05.099 [DEBU] {60ff070e775cb81793753109781439df} [103 ms] [default] [goframe] [rows:7  ] SHOW FULL COLUMNS FROM `rotation_info`
2024-02-29 22:42:05.118 [DEBU] {60ff070e775cb81793753109781439df} [ 17 ms] [default] [goframe] [rows:1  ] SELECT COUNT(1) FROM `rotation_info` WHERE `deleted_at` IS NULL
2024-02-29 22:42:05.146 [DEBU] {60ff070e775cb81793753109781439df} [ 27 ms] [default] [goframe] [rows:23 ] SHOW TABLES
2024-02-29 22:42:05.171 [DEBU] {60ff070e775cb81793753109781439df} [ 25 ms] [default] [goframe] [rows:1  ] SELECT `id`,`pic_url`,`link`,`sort`,`created_at`,`updated_at` FROM `rotation_info` WHERE `deleted_at` IS NULL LIMIT 1,1
