2024-03-01 13:56:54.569 [DEBU] {e0e232f3628eb817a7168859a171889d} [342 ms] [default] [goframe] [rows:7  ] SHOW FULL COLUMNS FROM `rotation_info`
2024-03-01 13:56:54.578 [DEBU] {e0e232f3628eb817a7168859a171889d} [  8 ms] [default] [goframe] [rows:1  ] SELECT COUNT(1) FROM `rotation_info` WHERE `deleted_at` IS NULL
2024-03-01 13:56:54.586 [DEBU] {e0e232f3628eb817a7168859a171889d} [  7 ms] [default] [goframe] [rows:23 ] SHOW TABLES
2024-03-01 13:56:54.594 [DEBU] {e0e232f3628eb817a7168859a171889d} [  7 ms] [default] [goframe] [rows:2  ] SELECT `id`,`pic_url`,`link`,`sort`,`created_at`,`updated_at` FROM `rotation_info` WHERE `deleted_at` IS NULL LIMIT 0,10
2024-03-01 15:06:54.598 [DEBU] {a416d7ea3492b8177a22264ec1bad483} [ 34 ms] [default] [goframe] [rows:9  ] SHOW FULL COLUMNS FROM `position_info`
2024-03-01 15:06:54.620 [DEBU] {a416d7ea3492b8177a22264ec1bad483} [ 20 ms] [default] [goframe] [rows:1  ] INSERT INTO `position_info`(`pic_url`,`goods_name`,`link`,`sort`,`goods_id`,`created_at`,`updated_at`) VALUES('1','478478','1',1,1,'2024-03-01 15:06:54','2024-03-01 15:06:54') 
2024-03-01 15:08:20.563 [DEBU] {8c42ceee4892b81796414324c63c60b2} [ 32 ms] [default] [goframe] [rows:9  ] SHOW FULL COLUMNS FROM `position_info`
2024-03-01 15:08:20.585 [DEBU] {8c42ceee4892b81796414324c63c60b2} [ 21 ms] [default] [goframe] [rows:1  ] INSERT INTO `position_info`(`pic_url`,`goods_name`,`link`,`sort`,`goods_id`,`created_at`,`updated_at`) VALUES('1','478478','1',1,1,'2024-03-01 15:08:20','2024-03-01 15:08:20') 
2024-03-01 15:08:56.818 [DEBU] {8cc814605192b81798414324c2771891} [ 28 ms] [default] [goframe] [rows:0  ] [txid:1] BEGIN
2024-03-01 15:08:56.825 [DEBU] {8cc814605192b81798414324c2771891} [  6 ms] [default] [goframe] [rows:23 ] [txid:1] SHOW TABLES
2024-03-01 15:08:56.839 [DEBU] {8cc814605192b81798414324c2771891} [ 13 ms] [default] [goframe] [rows:1  ] [txid:1] UPDATE `position_info` SET `pic_url`='1',`goods_name`='34',`link`='1',`sort`=1,`goods_id`=43,`updated_at`='2024-03-01 15:08:56' WHERE (`id`=4) AND `deleted_at` IS NULL
2024-03-01 15:08:56.851 [DEBU] {8cc814605192b81798414324c2771891} [ 12 ms] [default] [goframe] [rows:0  ] [txid:1] COMMIT
2024-03-01 15:10:20.037 [DEBU] {f46929c06492b817eca9ac09bd21d27f} [ 29 ms] [default] [goframe] [rows:0  ] [txid:1] BEGIN
2024-03-01 15:10:20.045 [DEBU] {f46929c06492b817eca9ac09bd21d27f} [  7 ms] [default] [goframe] [rows:23 ] [txid:1] SHOW TABLES
2024-03-01 15:10:20.053 [DEBU] {f46929c06492b817eca9ac09bd21d27f} [  8 ms] [default] [goframe] [rows:9  ] [txid:1] SHOW FULL COLUMNS FROM `position_info`
2024-03-01 15:10:20.065 [DEBU] {f46929c06492b817eca9ac09bd21d27f} [ 12 ms] [default] [goframe] [rows:1  ] [txid:1] UPDATE `position_info` SET `pic_url`='1',`goods_name`='34',`link`='1',`sort`=1,`goods_id`=43,`updated_at`='2024-03-01 15:10:20' WHERE (`id`=4) AND `deleted_at` IS NULL
2024-03-01 15:10:20.078 [DEBU] {f46929c06492b817eca9ac09bd21d27f} [ 13 ms] [default] [goframe] [rows:0  ] [txid:1] COMMIT
2024-03-01 15:12:05.088 [DEBU] {80889b357d92b8172cfca7034cea5412} [ 31 ms] [default] [goframe] [rows:0  ] [txid:1] BEGIN
2024-03-01 15:12:05.097 [DEBU] {80889b357d92b8172cfca7034cea5412} [  8 ms] [default] [goframe] [rows:23 ] [txid:1] SHOW TABLES
2024-03-01 15:12:05.104 [DEBU] {80889b357d92b8172cfca7034cea5412} [  7 ms] [default] [goframe] [rows:9  ] [txid:1] SHOW FULL COLUMNS FROM `position_info`
2024-03-01 15:12:05.117 [DEBU] {80889b357d92b8172cfca7034cea5412} [ 12 ms] [default] [goframe] [rows:1  ] [txid:1] UPDATE `position_info` SET `pic_url`='1',`goods_name`='34',`link`='1',`sort`=1,`goods_id`=43,`updated_at`='2024-03-01 15:12:05' WHERE (`id`=4) AND `deleted_at` IS NULL
2024-03-01 15:12:05.129 [DEBU] {80889b357d92b8172cfca7034cea5412} [ 12 ms] [default] [goframe] [rows:0  ] [txid:1] COMMIT
2024-03-01 15:12:15.209 [DEBU] {1cbe8d927f92b8172dfca7033480ebfb} [  5 ms] [default] [goframe] [rows:0  ] [txid:2] BEGIN
2024-03-01 15:12:15.225 [DEBU] {1cbe8d927f92b8172dfca7033480ebfb} [ 15 ms] [default] [goframe] [rows:1  ] [txid:2] DELETE FROM `position_info` WHERE `id`=4
2024-03-01 15:12:15.239 [DEBU] {1cbe8d927f92b8172dfca7033480ebfb} [ 14 ms] [default] [goframe] [rows:0  ] [txid:2] COMMIT
2024-03-01 17:18:50.741 [DEBU] {6009c0096899b81747f62556cd19655c} [ 33 ms] [default] [goframe] [rows:8  ] SHOW FULL COLUMNS FROM `admin_info`
2024-03-01 17:18:50.761 [DEBU] {6009c0096899b81747f62556cd19655c} [ 19 ms] [default] [goframe] [rows:1  ] INSERT INTO `admin_info`(`name`,`password`,`role_ids`,`created_at`,`updated_at`,`user_salt`,`is_admin`) VALUES('1','c86466e368d4831cb35bdcea4b8a3793','1','2024-03-01 17:18:50','2024-03-01 17:18:50','qu3M2ZaWQO',1) 
2024-03-01 17:18:56.746 [DEBU] {b0e2e2706999b81748f6255623792097} [ 14 ms] [default] [goframe] [rows:1  ] SELECT COUNT(1) FROM `admin_info`
2024-03-01 17:18:56.760 [DEBU] {b0e2e2706999b81748f6255623792097} [ 13 ms] [default] [goframe] [rows:23 ] SHOW TABLES
2024-03-01 17:18:56.771 [DEBU] {b0e2e2706999b81748f6255623792097} [ 11 ms] [default] [goframe] [rows:5  ] SELECT `id`,`name`,`password`,`role_ids`,`is_admin`,`created_at`,`updated_at` FROM `admin_info` LIMIT 0,10
2024-03-01 17:19:06.574 [ERRO] {887cebb76b99b81749f6255659de02d9} [ 61 ms] [default] [goframe] [rows:0  ] INSERT INTO `admin_info`(`name`,`password`,`role_ids`,`created_at`,`updated_at`,`user_salt`,`is_admin`) VALUES('1','8060856e9ea30e3a4ca5cd3ebed012c0','1','2024-03-01 17:19:06','2024-03-01 17:19:06','9iNDn3zhQ9',1) 
Error: Error 1062 (23000): Duplicate entry '1' for key 'name_unique' 
Stack:
1.  goframe/internal/logic/admin.(*sAdmin).Create
    D:/Users/zhushuanhao_gz/go/src/goframe/goframe/internal/logic/admin/admin.go:40
2.  goframe/internal/controller.(*cAdmin).Create
    D:/Users/zhushuanhao_gz/go/src/goframe/goframe/internal/controller/admin.go:17

2024-03-01 17:20:13.304 [DEBU] {a47a82427b99b8174af62556ebb38ed1} [ 41 ms] [default] [goframe] [rows:0  ] [txid:1] BEGIN
2024-03-01 17:20:13.321 [DEBU] {a47a82427b99b8174af62556ebb38ed1} [ 16 ms] [default] [goframe] [rows:1  ] [txid:1] UPDATE `admin_info` SET `name`='122',`password`='4c176486bcb8e7672bbf37bbcc2d9f62',`role_ids`='1',`updated_at`='2024-03-01 17:20:13',`user_salt`='s3ak2rP7NR',`is_admin`=1 WHERE `id`=16
2024-03-01 17:20:13.339 [DEBU] {a47a82427b99b8174af62556ebb38ed1} [ 17 ms] [default] [goframe] [rows:0  ] [txid:1] COMMIT
2024-03-01 17:20:20.229 [DEBU] {40a02ae17c99b8174bf6255674c491db} [ 10 ms] [default] [goframe] [rows:0  ] [txid:2] BEGIN
2024-03-01 17:20:20.246 [DEBU] {40a02ae17c99b8174bf6255674c491db} [ 17 ms] [default] [goframe] [rows:1  ] [txid:2] DELETE FROM `admin_info` WHERE `id`=16
2024-03-01 17:20:20.260 [DEBU] {40a02ae17c99b8174bf6255674c491db} [ 14 ms] [default] [goframe] [rows:0  ] [txid:2] COMMIT
